<?xml version="1.0" encoding="UTF-8"?>
<testng-results ignored="0" total="1" passed="1" failed="0" skipped="0">
  <reporter-output>
  </reporter-output>
  <suite started-at="2024-01-01T14:51:14 CST" name="Default suite" finished-at="2024-01-01T14:51:30 CST" duration-ms="15672">
    <groups>
    </groups>
    <test started-at="2024-01-01T14:51:14 CST" name="Default test" finished-at="2024-01-01T14:51:30 CST" duration-ms="15672">
      <class name="AppTestCase.GalleryTestCase">
        <test-method is-config="true" signature="ConfigurationMethod()[pri:0, instance:AppTestCase.GalleryTestCase@1a18644]" started-at="2024-01-01T14:51:14 CST" name="ConfigurationMethod" finished-at="2024-01-01T14:51:22 CST" duration-ms="7965" status="PASS">
          <reporter-output>
          </reporter-output>
        </test-method> <!-- ConfigurationMethod -->
        <test-method signature="GalleryTestCae()[pri:0, instance:AppTestCase.GalleryTestCase@1a18644]" started-at="2024-01-01T14:51:22 CST" name="GalleryTestCae" finished-at="2024-01-01T14:51:29 CST" duration-ms="7178" status="PASS">
          <reporter-output>
          </reporter-output>
        </test-method> <!-- GalleryTestCae -->
        <test-method is-config="true" signature="TearDown()[pri:0, instance:AppTestCase.GalleryTestCase@1a18644]" started-at="2024-01-01T14:51:29 CST" name="TearDown" finished-at="2024-01-01T14:51:30 CST" duration-ms="487" status="PASS">
          <reporter-output>
          </reporter-output>
        </test-method> <!-- TearDown -->
      </class> <!-- AppTestCase.GalleryTestCase -->
    </test> <!-- Default test -->
  </suite> <!-- Default suite -->
</testng-results>
