<?xml version="1.0" encoding="UTF-8"?>
<testng-results ignored="0" total="1" passed="1" failed="0" skipped="0">
  <reporter-output>
  </reporter-output>
  <suite started-at="2023-12-31T01:22:19 CST" name="Default suite" finished-at="2023-12-31T01:22:33 CST" duration-ms="13864">
    <groups>
    </groups>
    <test started-at="2023-12-31T01:22:19 CST" name="Default test" finished-at="2023-12-31T01:22:33 CST" duration-ms="13864">
      <class name="AppTestCase.GalleryTestCase">
        <test-method is-config="true" signature="ConfigurationMethod()[pri:0, instance:AppTestCase.GalleryTestCase@35aea049]" started-at="2023-12-31T01:22:19 CST" name="ConfigurationMethod" finished-at="2023-12-31T01:22:28 CST" duration-ms="8279" status="PASS">
          <reporter-output>
          </reporter-output>
        </test-method> <!-- ConfigurationMethod -->
        <test-method signature="GalleryTestCae()[pri:0, instance:AppTestCase.GalleryTestCase@35aea049]" started-at="2023-12-31T01:22:28 CST" name="GalleryTestCae" finished-at="2023-12-31T01:22:33 CST" duration-ms="5202" status="PASS">
          <reporter-output>
          </reporter-output>
        </test-method> <!-- GalleryTestCae -->
        <test-method is-config="true" signature="TearDown()[pri:0, instance:AppTestCase.GalleryTestCase@35aea049]" started-at="2023-12-31T01:22:33 CST" name="TearDown" finished-at="2023-12-31T01:22:33 CST" duration-ms="348" status="PASS">
          <reporter-output>
          </reporter-output>
        </test-method> <!-- TearDown -->
      </class> <!-- AppTestCase.GalleryTestCase -->
    </test> <!-- Default test -->
  </suite> <!-- Default suite -->
</testng-results>
