<?xml version="1.0" encoding="UTF-8"?>
<testng-results ignored="0" total="1" passed="1" failed="0" skipped="0">
  <reporter-output>
  </reporter-output>
  <suite started-at="2023-12-30T17:10:43 CST" name="Default suite" finished-at="2023-12-30T17:11:05 CST" duration-ms="22628">
    <groups>
    </groups>
    <test started-at="2023-12-30T17:10:43 CST" name="Default test" finished-at="2023-12-30T17:11:05 CST" duration-ms="22628">
      <class name="RahulAppiumTestingDemo.AppiumTest.AppiumDemo">
        <test-method is-config="true" signature="ConfigurationMethod()[pri:0, instance:RahulAppiumTestingDemo.AppiumTest.AppiumDemo@942a29c]" started-at="2023-12-30T17:10:43 CST" name="ConfigurationMethod" finished-at="2023-12-30T17:10:52 CST" duration-ms="9297" status="PASS">
          <reporter-output>
          </reporter-output>
        </test-method> <!-- ConfigurationMethod -->
        <test-method signature="AppiumTestDemo()[pri:0, instance:RahulAppiumTestingDemo.AppiumTest.AppiumDemo@942a29c]" started-at="2023-12-30T17:10:52 CST" name="AppiumTestDemo" finished-at="2023-12-30T17:11:05 CST" duration-ms="12893" status="PASS">
          <reporter-output>
          </reporter-output>
        </test-method> <!-- AppiumTestDemo -->
        <test-method is-config="true" signature="TearDown()[pri:0, instance:RahulAppiumTestingDemo.AppiumTest.AppiumDemo@942a29c]" started-at="2023-12-30T17:11:05 CST" name="TearDown" finished-at="2023-12-30T17:11:05 CST" duration-ms="403" status="PASS">
          <reporter-output>
          </reporter-output>
        </test-method> <!-- TearDown -->
      </class> <!-- RahulAppiumTestingDemo.AppiumTest.AppiumDemo -->
    </test> <!-- Default test -->
  </suite> <!-- Default suite -->
</testng-results>
